<?xml version="1.0" encoding="UTF-8"?>
<!-- Generated by org.testng.reporters.JUnitReportReporter -->
<testsuite hostname="WINDOWS-JNFML5A" name="git_test.Test_helloword" tests="1" failures="0" timestamp="15 Oct 2019 07:49:52 GMT" time="0.011" errors="0">
  <testcase name="f" time="0.011" classname="git_test.Test_helloword"/>
</testsuite> <!-- git_test.Test_helloword -->
